# JRE version: OpenJDK Runtime Environment (21.0.8) (build 21.0.8+-14196175-b1038.72)
# Java VM: OpenJDK 64-Bit Server VM (21.0.8+-14196175-b1038.72, mixed mode, tiered, compressed oops, compressed class ptrs, g1 gc, windows-amd64)
GC Precious Log:
 CardTable entry size: 512
 Card Set container configuration: InlinePtr #cards 4 size 8 Array Of Cards #cards 16 size 48 Howl #buckets 8 coarsen threshold 3686 Howl Bitmap #cards 512 size 80 coarsen threshold 460 Card regions per heap region 1 cards per card region 4096
 CPUs: 12 total, 12 available
 Memory: 16200M
 Large Page Support: Disabled
 NUMA Support: Disabled
 Compressed Oops: Enabled (Zero based)
 Heap Region Size: 2M
 Heap Min Capacity: 8M
 Heap Initial Capacity: 254M
 Heap Max Capacity: 4052M
 Pre-touch: Disabled
 Parallel Workers: 10
 Concurrent Workers: 3
 Concurrent Refinement Workers: 10
 Periodic GC: Disabled
Heap:
 garbage-first heap   total 172032K, used 104574K [0x0000000702c00000, 0x0000000800000000)
  region size 2048K, 5 young (10240K), 2 survivors (4096K)
 Metaspace       used 68167K, committed 68416K, reserved 1114112K
  class space    used 7757K, committed 7872K, reserved 1048576K
GC Heap History (20 events):
Event: 16.107 GC heap before
{Heap before GC invocations=12 (full 0):
 garbage-first heap   total 90112K, used 71799K [0x0000000702c00000, 0x0000000800000000)
  region size 2048K, 16 young (32768K), 3 survivors (6144K)
 Metaspace       used 51081K, committed 51328K, reserved 1114112K
  class space    used 5908K, committed 6016K, reserved 1048576K
}
Event: 16.152 GC heap after
{Heap after GC invocations=13 (full 0):
 garbage-first heap   total 108544K, used 55196K [0x0000000702c00000, 0x0000000800000000)
  region size 2048K, 2 young (4096K), 2 survivors (4096K)
 Metaspace       used 51081K, committed 51328K, reserved 1114112K
  class space    used 5908K, committed 6016K, reserved 1048576K
}
Event: 17.626 GC heap before
{Heap before GC invocations=14 (full 0):
 garbage-first heap   total 108544K, used 85916K [0x0000000702c00000, 0x0000000800000000)
  region size 2048K, 17 young (34816K), 2 survivors (4096K)
 Metaspace       used 56606K, committed 56960K, reserved 1114112K
  class space    used 6614K, committed 6784K, reserved 1048576K
}
Event: 17.656 GC heap after
{Heap after GC invocations=15 (full 0):
 garbage-first heap   total 108544K, used 62029K [0x0000000702c00000, 0x0000000800000000)
  region size 2048K, 3 young (6144K), 3 survivors (6144K)
 Metaspace       used 56606K, committed 56960K, reserved 1114112K
  class space    used 6614K, committed 6784K, reserved 1048576K
}
Event: 19.270 GC heap before
{Heap before GC invocations=15 (full 0):
 garbage-first heap   total 108544K, used 88653K [0x0000000702c00000, 0x0000000800000000)
  region size 2048K, 16 young (32768K), 3 survivors (6144K)
 Metaspace       used 59433K, committed 59712K, reserved 1114112K
  class space    used 6882K, committed 7040K, reserved 1048576K
}
Event: 19.320 GC heap after
{Heap after GC invocations=16 (full 0):
 garbage-first heap   total 108544K, used 67109K [0x0000000702c00000, 0x0000000800000000)
  region size 2048K, 2 young (4096K), 2 survivors (4096K)
 Metaspace       used 59433K, committed 59712K, reserved 1114112K
  class space    used 6882K, committed 7040K, reserved 1048576K
}
Event: 20.885 GC heap before
{Heap before GC invocations=16 (full 0):
 garbage-first heap   total 108544K, used 91685K [0x0000000702c00000, 0x0000000800000000)
  region size 2048K, 14 young (28672K), 2 survivors (4096K)
 Metaspace       used 62262K, committed 62592K, reserved 1114112K
  class space    used 7234K, committed 7360K, reserved 1048576K
}
Event: 20.924 GC heap after
{Heap after GC invocations=17 (full 0):
 garbage-first heap   total 108544K, used 71662K [0x0000000702c00000, 0x0000000800000000)
  region size 2048K, 2 young (4096K), 2 survivors (4096K)
 Metaspace       used 62262K, committed 62592K, reserved 1114112K
  class space    used 7234K, committed 7360K, reserved 1048576K
}
Event: 22.376 GC heap before
{Heap before GC invocations=18 (full 0):
 garbage-first heap   total 120832K, used 94190K [0x0000000702c00000, 0x0000000800000000)
  region size 2048K, 13 young (26624K), 2 survivors (4096K)
 Metaspace       used 63289K, committed 63616K, reserved 1114112K
  class space    used 7337K, committed 7488K, reserved 1048576K
}
Event: 22.418 GC heap after
{Heap after GC invocations=19 (full 0):
 garbage-first heap   total 120832K, used 75776K [0x0000000702c00000, 0x0000000800000000)
  region size 2048K, 2 young (4096K), 2 survivors (4096K)
 Metaspace       used 63289K, committed 63616K, reserved 1114112K
  class space    used 7337K, committed 7488K, reserved 1048576K
}
Event: 23.437 GC heap before
{Heap before GC invocations=19 (full 0):
 garbage-first heap   total 120832K, used 102400K [0x0000000702c00000, 0x0000000800000000)
  region size 2048K, 15 young (30720K), 2 survivors (4096K)
 Metaspace       used 64157K, committed 64448K, reserved 1114112K
  class space    used 7400K, committed 7552K, reserved 1048576K
}
Event: 23.487 GC heap after
{Heap after GC invocations=20 (full 0):
 garbage-first heap   total 120832K, used 81920K [0x0000000702c00000, 0x0000000800000000)
  region size 2048K, 2 young (4096K), 2 survivors (4096K)
 Metaspace       used 64157K, committed 64448K, reserved 1114112K
  class space    used 7400K, committed 7552K, reserved 1048576K
}
Event: 24.495 GC heap before
{Heap before GC invocations=20 (full 0):
 garbage-first heap   total 120832K, used 104448K [0x0000000702c00000, 0x0000000800000000)
  region size 2048K, 13 young (26624K), 2 survivors (4096K)
 Metaspace       used 64650K, committed 64960K, reserved 1114112K
  class space    used 7429K, committed 7552K, reserved 1048576K
}
Event: 24.537 GC heap after
{Heap after GC invocations=21 (full 0):
 garbage-first heap   total 157696K, used 86683K [0x0000000702c00000, 0x0000000800000000)
  region size 2048K, 2 young (4096K), 2 survivors (4096K)
 Metaspace       used 64650K, committed 64960K, reserved 1114112K
  class space    used 7429K, committed 7552K, reserved 1048576K
}
Event: 27.011 GC heap before
{Heap before GC invocations=22 (full 0):
 garbage-first heap   total 157696K, used 127643K [0x0000000702c00000, 0x0000000800000000)
  region size 2048K, 22 young (45056K), 2 survivors (4096K)
 Metaspace       used 67043K, committed 67392K, reserved 1114112K
  class space    used 7719K, committed 7872K, reserved 1048576K
}
Event: 27.042 GC heap after
{Heap after GC invocations=23 (full 0):
 garbage-first heap   total 157696K, used 93036K [0x0000000702c00000, 0x0000000800000000)
  region size 2048K, 3 young (6144K), 3 survivors (6144K)
 Metaspace       used 67043K, committed 67392K, reserved 1114112K
  class space    used 7719K, committed 7872K, reserved 1048576K
}
Event: 29.914 GC heap before
{Heap before GC invocations=23 (full 0):
 garbage-first heap   total 157696K, used 131948K [0x0000000702c00000, 0x0000000800000000)
  region size 2048K, 22 young (45056K), 3 survivors (6144K)
 Metaspace       used 67588K, committed 67904K, reserved 1114112K
  class space    used 7741K, committed 7872K, reserved 1048576K
}
Event: 29.951 GC heap after
{Heap after GC invocations=24 (full 0):
 garbage-first heap   total 157696K, used 97535K [0x0000000702c00000, 0x0000000800000000)
  region size 2048K, 3 young (6144K), 3 survivors (6144K)
 Metaspace       used 67588K, committed 67904K, reserved 1114112K
  class space    used 7741K, committed 7872K, reserved 1048576K
}
Event: 31.907 GC heap before
{Heap before GC invocations=24 (full 0):
 garbage-first heap   total 157696K, used 136447K [0x0000000702c00000, 0x0000000800000000)
  region size 2048K, 22 young (45056K), 3 survivors (6144K)
 Metaspace       used 68113K, committed 68352K, reserved 1114112K
  class space    used 7757K, committed 7872K, reserved 1048576K
}
Event: 31.933 GC heap after
{Heap after GC invocations=25 (full 0):
 garbage-first heap   total 157696K, used 100478K [0x0000000702c00000, 0x0000000800000000)
  region size 2048K, 2 young (4096K), 2 survivors (4096K)
 Metaspace       used 68113K, committed 68352K, reserved 1114112K
  class space    used 7757K, committed 7872K, reserved 1048576K
}

