# JRE version: OpenJDK Runtime Environment (21.0.8) (build 21.0.8+-14196175-b1038.72)
# Java VM: OpenJDK 64-Bit Server VM (21.0.8+-14196175-b1038.72, mixed mode, tiered, compressed oops, compressed class ptrs, parallel gc, windows-amd64)
GC Precious Log:
 CardTable entry size: 512
 CPUs: 12 total, 12 available
 Memory: 16200M
 Large Page Support: Disabled
 NUMA Support: Disabled
 Compressed Oops: Enabled (32-bit)
 Alignments: Space 512K, Generation 512K, Heap 2M
 Heap Min Capacity: 8M
 Heap Initial Capacity: 254M
 Heap Max Capacity: 1G
 Pre-touch: Disabled
 Parallel Workers: 10
Heap:
 PSYoungGen      total 268800K, used 187637K [0x00000000eab00000, 0x00000000fdd00000, 0x0000000100000000)
  eden space 228352K, 74% used [0x00000000eab00000,0x00000000f50e6a00,0x00000000f8a00000)
  from space 40448K, 43% used [0x00000000fb580000,0x00000000fc6d6cb8,0x00000000fdd00000)
  to   space 42496K, 0% used [0x00000000f8a00000,0x00000000f8a00000,0x00000000fb380000)
 ParOldGen       total 199168K, used 198668K [0x00000000c0000000, 0x00000000cc280000, 0x00000000eab00000)
  object space 199168K, 99% used [0x00000000c0000000,0x00000000cc203120,0x00000000cc280000)
 Metaspace       used 215500K, committed 217920K, reserved 1245184K
  class space    used 27830K, committed 28992K, reserved 1048576K
GC Heap History (20 events):
Event: 21.948 GC heap before
{Heap before GC invocations=15 (full 4):
 PSYoungGen      total 318464K, used 7875K [0x00000000eab00000, 0x0000000100000000, 0x0000000100000000)
  eden space 287744K, 0% used [0x00000000eab00000,0x00000000eab00000,0x00000000fc400000)
  from space 30720K, 25% used [0x00000000fc400000,0x00000000fcbb0c40,0x00000000fe200000)
  to   space 30208K, 0% used [0x00000000fe280000,0x00000000fe280000,0x0000000100000000)
 ParOldGen       total 173568K, used 75652K [0x00000000c0000000, 0x00000000ca980000, 0x00000000eab00000)
  object space 173568K, 43% used [0x00000000c0000000,0x00000000c49e11f8,0x00000000ca980000)
 Metaspace       used 99379K, committed 101248K, reserved 1179648K
  class space    used 13813K, committed 14720K, reserved 1048576K
}
Event: 22.065 GC heap after
{Heap after GC invocations=15 (full 4):
 PSYoungGen      total 318464K, used 0K [0x00000000eab00000, 0x0000000100000000, 0x0000000100000000)
  eden space 287744K, 0% used [0x00000000eab00000,0x00000000eab00000,0x00000000fc400000)
  from space 30720K, 0% used [0x00000000fc400000,0x00000000fc400000,0x00000000fe200000)
  to   space 30208K, 0% used [0x00000000fe280000,0x00000000fe280000,0x0000000100000000)
 ParOldGen       total 173568K, used 80100K [0x00000000c0000000, 0x00000000ca980000, 0x00000000eab00000)
  object space 173568K, 46% used [0x00000000c0000000,0x00000000c4e39378,0x00000000ca980000)
 Metaspace       used 99379K, committed 101248K, reserved 1179648K
  class space    used 13813K, committed 14720K, reserved 1048576K
}
Event: 27.145 GC heap before
{Heap before GC invocations=16 (full 4):
 PSYoungGen      total 318464K, used 287744K [0x00000000eab00000, 0x0000000100000000, 0x0000000100000000)
  eden space 287744K, 100% used [0x00000000eab00000,0x00000000fc400000,0x00000000fc400000)
  from space 30720K, 0% used [0x00000000fc400000,0x00000000fc400000,0x00000000fe200000)
  to   space 30208K, 0% used [0x00000000fe280000,0x00000000fe280000,0x0000000100000000)
 ParOldGen       total 173568K, used 80100K [0x00000000c0000000, 0x00000000ca980000, 0x00000000eab00000)
  object space 173568K, 46% used [0x00000000c0000000,0x00000000c4e39378,0x00000000ca980000)
 Metaspace       used 120650K, committed 122880K, reserved 1179648K
  class space    used 17039K, committed 18112K, reserved 1048576K
}
Event: 27.166 GC heap after
{Heap after GC invocations=16 (full 4):
 PSYoungGen      total 290304K, used 13205K [0x00000000eab00000, 0x00000000ff000000, 0x0000000100000000)
  eden space 276480K, 0% used [0x00000000eab00000,0x00000000eab00000,0x00000000fb900000)
  from space 13824K, 95% used [0x00000000fe280000,0x00000000fef655e0,0x00000000ff000000)
  to   space 28160K, 0% used [0x00000000fb900000,0x00000000fb900000,0x00000000fd480000)
 ParOldGen       total 173568K, used 80172K [0x00000000c0000000, 0x00000000ca980000, 0x00000000eab00000)
  object space 173568K, 46% used [0x00000000c0000000,0x00000000c4e4b388,0x00000000ca980000)
 Metaspace       used 120650K, committed 122880K, reserved 1179648K
  class space    used 17039K, committed 18112K, reserved 1048576K
}
Event: 29.810 GC heap before
{Heap before GC invocations=17 (full 4):
 PSYoungGen      total 290304K, used 289685K [0x00000000eab00000, 0x00000000ff000000, 0x0000000100000000)
  eden space 276480K, 100% used [0x00000000eab00000,0x00000000fb900000,0x00000000fb900000)
  from space 13824K, 95% used [0x00000000fe280000,0x00000000fef655e0,0x00000000ff000000)
  to   space 28160K, 0% used [0x00000000fb900000,0x00000000fb900000,0x00000000fd480000)
 ParOldGen       total 173568K, used 80172K [0x00000000c0000000, 0x00000000ca980000, 0x00000000eab00000)
  object space 173568K, 46% used [0x00000000c0000000,0x00000000c4e4b388,0x00000000ca980000)
 Metaspace       used 123266K, committed 125440K, reserved 1179648K
  class space    used 17432K, committed 18496K, reserved 1048576K
}
Event: 29.834 GC heap after
{Heap after GC invocations=17 (full 4):
 PSYoungGen      total 279552K, used 13744K [0x00000000eab00000, 0x00000000fe380000, 0x0000000100000000)
  eden space 265728K, 0% used [0x00000000eab00000,0x00000000eab00000,0x00000000fae80000)
  from space 13824K, 99% used [0x00000000fb900000,0x00000000fc66c0b0,0x00000000fc680000)
  to   space 27136K, 0% used [0x00000000fc900000,0x00000000fc900000,0x00000000fe380000)
 ParOldGen       total 173568K, used 93157K [0x00000000c0000000, 0x00000000ca980000, 0x00000000eab00000)
  object space 173568K, 53% used [0x00000000c0000000,0x00000000c5af94c0,0x00000000ca980000)
 Metaspace       used 123266K, committed 125440K, reserved 1179648K
  class space    used 17432K, committed 18496K, reserved 1048576K
}
Event: 32.245 GC heap before
{Heap before GC invocations=18 (full 4):
 PSYoungGen      total 279552K, used 279472K [0x00000000eab00000, 0x00000000fe380000, 0x0000000100000000)
  eden space 265728K, 100% used [0x00000000eab00000,0x00000000fae80000,0x00000000fae80000)
  from space 13824K, 99% used [0x00000000fb900000,0x00000000fc66c0b0,0x00000000fc680000)
  to   space 27136K, 0% used [0x00000000fc900000,0x00000000fc900000,0x00000000fe380000)
 ParOldGen       total 173568K, used 93157K [0x00000000c0000000, 0x00000000ca980000, 0x00000000eab00000)
  object space 173568K, 53% used [0x00000000c0000000,0x00000000c5af94c0,0x00000000ca980000)
 Metaspace       used 127378K, committed 129600K, reserved 1179648K
  class space    used 17813K, committed 18880K, reserved 1048576K
}
Event: 32.268 GC heap after
{Heap after GC invocations=18 (full 4):
 PSYoungGen      total 273920K, used 18391K [0x00000000eab00000, 0x00000000fdb00000, 0x0000000100000000)
  eden space 255488K, 0% used [0x00000000eab00000,0x00000000eab00000,0x00000000fa480000)
  from space 18432K, 99% used [0x00000000fc900000,0x00000000fdaf5f20,0x00000000fdb00000)
  to   space 27648K, 0% used [0x00000000fa500000,0x00000000fa500000,0x00000000fc000000)
 ParOldGen       total 173568K, used 104501K [0x00000000c0000000, 0x00000000ca980000, 0x00000000eab00000)
  object space 173568K, 60% used [0x00000000c0000000,0x00000000c660d678,0x00000000ca980000)
 Metaspace       used 127378K, committed 129600K, reserved 1179648K
  class space    used 17813K, committed 18880K, reserved 1048576K
}
Event: 35.439 GC heap before
{Heap before GC invocations=19 (full 4):
 PSYoungGen      total 273920K, used 273879K [0x00000000eab00000, 0x00000000fdb00000, 0x0000000100000000)
  eden space 255488K, 100% used [0x00000000eab00000,0x00000000fa480000,0x00000000fa480000)
  from space 18432K, 99% used [0x00000000fc900000,0x00000000fdaf5f20,0x00000000fdb00000)
  to   space 27648K, 0% used [0x00000000fa500000,0x00000000fa500000,0x00000000fc000000)
 ParOldGen       total 173568K, used 104501K [0x00000000c0000000, 0x00000000ca980000, 0x00000000eab00000)
  object space 173568K, 60% used [0x00000000c0000000,0x00000000c660d678,0x00000000ca980000)
 Metaspace       used 152148K, committed 154496K, reserved 1245184K
  class space    used 20740K, committed 21888K, reserved 1048576K
}
Event: 35.462 GC heap after
{Heap after GC invocations=19 (full 4):
 PSYoungGen      total 266752K, used 20578K [0x00000000eab00000, 0x00000000fd300000, 0x0000000100000000)
  eden space 245760K, 0% used [0x00000000eab00000,0x00000000eab00000,0x00000000f9b00000)
  from space 20992K, 98% used [0x00000000fa500000,0x00000000fb918bb0,0x00000000fb980000)
  to   space 26112K, 0% used [0x00000000fb980000,0x00000000fb980000,0x00000000fd300000)
 ParOldGen       total 173568K, used 120781K [0x00000000c0000000, 0x00000000ca980000, 0x00000000eab00000)
  object space 173568K, 69% used [0x00000000c0000000,0x00000000c75f3788,0x00000000ca980000)
 Metaspace       used 152148K, committed 154496K, reserved 1245184K
  class space    used 20740K, committed 21888K, reserved 1048576K
}
Event: 38.678 GC heap before
{Heap before GC invocations=20 (full 4):
 PSYoungGen      total 266752K, used 213969K [0x00000000eab00000, 0x00000000fd300000, 0x0000000100000000)
  eden space 245760K, 78% used [0x00000000eab00000,0x00000000f67db9e0,0x00000000f9b00000)
  from space 20992K, 98% used [0x00000000fa500000,0x00000000fb918bb0,0x00000000fb980000)
  to   space 26112K, 0% used [0x00000000fb980000,0x00000000fb980000,0x00000000fd300000)
 ParOldGen       total 173568K, used 120781K [0x00000000c0000000, 0x00000000ca980000, 0x00000000eab00000)
  object space 173568K, 69% used [0x00000000c0000000,0x00000000c75f3788,0x00000000ca980000)
 Metaspace       used 166448K, committed 168768K, reserved 1245184K
  class space    used 22393K, committed 23552K, reserved 1048576K
}
Event: 38.709 GC heap after
{Heap after GC invocations=20 (full 4):
 PSYoungGen      total 263680K, used 26100K [0x00000000eab00000, 0x00000000fe800000, 0x0000000100000000)
  eden space 237568K, 0% used [0x00000000eab00000,0x00000000eab00000,0x00000000f9300000)
  from space 26112K, 99% used [0x00000000fb980000,0x00000000fd2fd0b8,0x00000000fd300000)
  to   space 39424K, 0% used [0x00000000f9300000,0x00000000f9300000,0x00000000fb980000)
 ParOldGen       total 173568K, used 142160K [0x00000000c0000000, 0x00000000ca980000, 0x00000000eab00000)
  object space 173568K, 81% used [0x00000000c0000000,0x00000000c8ad42a0,0x00000000ca980000)
 Metaspace       used 166448K, committed 168768K, reserved 1245184K
  class space    used 22393K, committed 23552K, reserved 1048576K
}
Event: 38.709 GC heap before
{Heap before GC invocations=21 (full 5):
 PSYoungGen      total 263680K, used 26100K [0x00000000eab00000, 0x00000000fe800000, 0x0000000100000000)
  eden space 237568K, 0% used [0x00000000eab00000,0x00000000eab00000,0x00000000f9300000)
  from space 26112K, 99% used [0x00000000fb980000,0x00000000fd2fd0b8,0x00000000fd300000)
  to   space 39424K, 0% used [0x00000000f9300000,0x00000000f9300000,0x00000000fb980000)
 ParOldGen       total 173568K, used 142160K [0x00000000c0000000, 0x00000000ca980000, 0x00000000eab00000)
  object space 173568K, 81% used [0x00000000c0000000,0x00000000c8ad42a0,0x00000000ca980000)
 Metaspace       used 166448K, committed 168768K, reserved 1245184K
  class space    used 22393K, committed 23552K, reserved 1048576K
}
Event: 39.002 GC heap after
{Heap after GC invocations=21 (full 5):
 PSYoungGen      total 263680K, used 0K [0x00000000eab00000, 0x00000000fe800000, 0x0000000100000000)
  eden space 237568K, 0% used [0x00000000eab00000,0x00000000eab00000,0x00000000f9300000)
  from space 26112K, 0% used [0x00000000fb980000,0x00000000fb980000,0x00000000fd300000)
  to   space 39424K, 0% used [0x00000000f9300000,0x00000000f9300000,0x00000000fb980000)
 ParOldGen       total 173568K, used 164292K [0x00000000c0000000, 0x00000000ca980000, 0x00000000eab00000)
  object space 173568K, 94% used [0x00000000c0000000,0x00000000ca071350,0x00000000ca980000)
 Metaspace       used 166448K, committed 168768K, reserved 1245184K
  class space    used 22393K, committed 23552K, reserved 1048576K
}
Event: 45.579 GC heap before
{Heap before GC invocations=22 (full 5):
 PSYoungGen      total 263680K, used 237568K [0x00000000eab00000, 0x00000000fe800000, 0x0000000100000000)
  eden space 237568K, 100% used [0x00000000eab00000,0x00000000f9300000,0x00000000f9300000)
  from space 26112K, 0% used [0x00000000fb980000,0x00000000fb980000,0x00000000fd300000)
  to   space 39424K, 0% used [0x00000000f9300000,0x00000000f9300000,0x00000000fb980000)
 ParOldGen       total 173568K, used 164292K [0x00000000c0000000, 0x00000000ca980000, 0x00000000eab00000)
  object space 173568K, 94% used [0x00000000c0000000,0x00000000ca071350,0x00000000ca980000)
 Metaspace       used 196940K, committed 199296K, reserved 1245184K
  class space    used 25911K, committed 27072K, reserved 1048576K
}
Event: 45.597 GC heap after
{Heap after GC invocations=22 (full 5):
 PSYoungGen      total 263680K, used 35319K [0x00000000eab00000, 0x00000000fe000000, 0x0000000100000000)
  eden space 228352K, 0% used [0x00000000eab00000,0x00000000eab00000,0x00000000f8a00000)
  from space 35328K, 99% used [0x00000000f9300000,0x00000000fb57df78,0x00000000fb580000)
  to   space 43520K, 0% used [0x00000000fb580000,0x00000000fb580000,0x00000000fe000000)
 ParOldGen       total 173568K, used 164308K [0x00000000c0000000, 0x00000000ca980000, 0x00000000eab00000)
  object space 173568K, 94% used [0x00000000c0000000,0x00000000ca075350,0x00000000ca980000)
 Metaspace       used 196940K, committed 199296K, reserved 1245184K
  class space    used 25911K, committed 27072K, reserved 1048576K
}
Event: 50.156 GC heap before
{Heap before GC invocations=23 (full 5):
 PSYoungGen      total 263680K, used 177964K [0x00000000eab00000, 0x00000000fe000000, 0x0000000100000000)
  eden space 228352K, 62% used [0x00000000eab00000,0x00000000f364d378,0x00000000f8a00000)
  from space 35328K, 99% used [0x00000000f9300000,0x00000000fb57df78,0x00000000fb580000)
  to   space 43520K, 0% used [0x00000000fb580000,0x00000000fb580000,0x00000000fe000000)
 ParOldGen       total 173568K, used 164308K [0x00000000c0000000, 0x00000000ca980000, 0x00000000eab00000)
  object space 173568K, 94% used [0x00000000c0000000,0x00000000ca075350,0x00000000ca980000)
 Metaspace       used 209910K, committed 212352K, reserved 1245184K
  class space    used 27493K, committed 28672K, reserved 1048576K
}
Event: 50.194 GC heap after
{Heap after GC invocations=23 (full 5):
 PSYoungGen      total 268800K, used 22543K [0x00000000eab00000, 0x00000000fdd00000, 0x0000000100000000)
  eden space 228352K, 0% used [0x00000000eab00000,0x00000000eab00000,0x00000000f8a00000)
  from space 40448K, 55% used [0x00000000fb580000,0x00000000fcb83dd8,0x00000000fdd00000)
  to   space 42496K, 0% used [0x00000000f8a00000,0x00000000f8a00000,0x00000000fb380000)
 ParOldGen       total 199168K, used 198835K [0x00000000c0000000, 0x00000000cc280000, 0x00000000eab00000)
  object space 199168K, 99% used [0x00000000c0000000,0x00000000cc22ccd0,0x00000000cc280000)
 Metaspace       used 209910K, committed 212352K, reserved 1245184K
  class space    used 27493K, committed 28672K, reserved 1048576K
}
Event: 50.194 GC heap before
{Heap before GC invocations=24 (full 6):
 PSYoungGen      total 268800K, used 22543K [0x00000000eab00000, 0x00000000fdd00000, 0x0000000100000000)
  eden space 228352K, 0% used [0x00000000eab00000,0x00000000eab00000,0x00000000f8a00000)
  from space 40448K, 55% used [0x00000000fb580000,0x00000000fcb83dd8,0x00000000fdd00000)
  to   space 42496K, 0% used [0x00000000f8a00000,0x00000000f8a00000,0x00000000fb380000)
 ParOldGen       total 199168K, used 198835K [0x00000000c0000000, 0x00000000cc280000, 0x00000000eab00000)
  object space 199168K, 99% used [0x00000000c0000000,0x00000000cc22ccd0,0x00000000cc280000)
 Metaspace       used 209910K, committed 212352K, reserved 1245184K
  class space    used 27493K, committed 28672K, reserved 1048576K
}
Event: 50.646 GC heap after
{Heap after GC invocations=24 (full 6):
 PSYoungGen      total 268800K, used 17755K [0x00000000eab00000, 0x00000000fdd00000, 0x0000000100000000)
  eden space 228352K, 0% used [0x00000000eab00000,0x00000000eab00000,0x00000000f8a00000)
  from space 40448K, 43% used [0x00000000fb580000,0x00000000fc6d6cb8,0x00000000fdd00000)
  to   space 42496K, 0% used [0x00000000f8a00000,0x00000000f8a00000,0x00000000fb380000)
 ParOldGen       total 199168K, used 198668K [0x00000000c0000000, 0x00000000cc280000, 0x00000000eab00000)
  object space 199168K, 99% used [0x00000000c0000000,0x00000000cc203120,0x00000000cc280000)
 Metaspace       used 209910K, committed 212352K, reserved 1245184K
  class space    used 27493K, committed 28672K, reserved 1048576K
}

